<?xml version="1.0" encoding="UTF-8"?>
<coverage generated="1688496254154" clover="3.2.0">
  <project timestamp="1688496254155" name="All files">
    <metrics statements="13" coveredstatements="12" conditionals="12" coveredconditionals="11" methods="1" coveredmethods="1" elements="26" coveredelements="24" complexity="0" loc="13" ncloc="13" packages="1" files="1" classes="1"/>
    <file name="validator.js" path="D:\task7\task7\src\validator.js">
      <metrics statements="13" coveredstatements="12" conditionals="12" coveredconditionals="11" methods="1" coveredmethods="1"/>
      <line num="3" count="7" type="cond" truecount="2" falsecount="0"/>
      <line num="4" count="2" type="stmt"/>
      <line num="6" count="5" type="cond" truecount="2" falsecount="0"/>
      <line num="7" count="1" type="stmt"/>
      <line num="9" count="4" type="cond" truecount="2" falsecount="0"/>
      <line num="10" count="1" type="stmt"/>
      <line num="12" count="3" type="cond" truecount="2" falsecount="0"/>
      <line num="13" count="1" type="stmt"/>
      <line num="16" count="2" type="cond" truecount="2" falsecount="0"/>
      <line num="17" count="1" type="stmt"/>
      <line num="19" count="1" type="cond" truecount="1" falsecount="1"/>
      <line num="20" count="1" type="stmt"/>
      <line num="22" count="0" type="stmt"/>
    </file>
  </project>
</coverage>
