<?xml version="1.0" encoding="UTF-8"?>
<coverage generated="1691434845752" clover="3.2.0">
  <project timestamp="1691434845753" name="All files">
    <metrics statements="15" coveredstatements="14" conditionals="12" coveredconditionals="11" methods="1" coveredmethods="1" elements="28" coveredelements="26" complexity="0" loc="15" ncloc="15" packages="1" files="1" classes="1"/>
    <file name="validator.js" path="D:\task7\src\validator.js">
      <metrics statements="15" coveredstatements="14" conditionals="12" coveredconditionals="11" methods="1" coveredmethods="1"/>
      <line num="3" count="10" type="cond" truecount="2" falsecount="0"/>
      <line num="4" count="2" type="stmt"/>
      <line num="6" count="8" type="cond" truecount="2" falsecount="0"/>
      <line num="7" count="1" type="stmt"/>
      <line num="9" count="7" type="cond" truecount="2" falsecount="0"/>
      <line num="10" count="1" type="stmt"/>
      <line num="12" count="6" type="cond" truecount="2" falsecount="0"/>
      <line num="13" count="1" type="stmt"/>
      <line num="16" count="5" type="cond" truecount="2" falsecount="0"/>
      <line num="17" count="1" type="stmt"/>
      <line num="19" count="4" type="cond" truecount="1" falsecount="1"/>
      <line num="20" count="4" type="stmt"/>
      <line num="22" count="0" type="stmt"/>
      <line num="26" count="1" type="stmt"/>
      <line num="27" count="1" type="stmt"/>
    </file>
  </project>
</coverage>
